#! /mingw64/bin/vvp
:ivl_version "13.0 (stable)" "(v13_0)";
:ivl_delay_selection "TYPICAL";
:vpi_time_precision + 0;
:vpi_module "C:\msys64\mingw64\lib\ivl\system.vpi";
:vpi_module "C:\msys64\mingw64\lib\ivl\vhdl_sys.vpi";
:vpi_module "C:\msys64\mingw64\lib\ivl\vhdl_textio.vpi";
:vpi_module "C:\msys64\mingw64\lib\ivl\v2005_math.vpi";
:vpi_module "C:\msys64\mingw64\lib\ivl\va_math.vpi";
S_0000029652609c30 .scope module, "DataMemory" "DataMemory" 2 1;
 .timescale 0 0;
    .port_info 0 /INPUT 1 "clk";
    .port_info 1 /INPUT 32 "addr";
    .port_info 2 /INPUT 32 "write_data";
    .port_info 3 /INPUT 1 "mem_write";
    .port_info 4 /OUTPUT 32 "read_data";
L_000002965260d840 .functor BUFZ 32, L_00000296526698a0, C4<00000000000000000000000000000000>, C4<00000000000000000000000000000000>, C4<00000000000000000000000000000000>;
v00000296525f2120_0 .net *"_ivl_0", 31 0, L_00000296526698a0;  1 drivers
v00000296525f21c0_0 .net *"_ivl_3", 3 0, L_0000029652668cc0;  1 drivers
v00000296525f2260_0 .net *"_ivl_4", 5 0, L_0000029652669260;  1 drivers
L_00000296526b0088 .functor BUFT 1, C4<00>, C4<0>, C4<0>, C4<0>;
v00000296525f24e0_0 .net *"_ivl_7", 1 0, L_00000296526b0088;  1 drivers
o0000029652617198 .functor BUFZ 32, c4<zzzzzzzzzzzzzzzzzzzzzzzzzzzzzzzz>; HiZ drive
v00000296525f2300_0 .net "addr", 31 0, o0000029652617198;  0 drivers
o00000296526171c8 .functor BUFZ 1, c4<z>; HiZ drive
v00000296525f1a40_0 .net "clk", 0 0, o00000296526171c8;  0 drivers
o00000296526171f8 .functor BUFZ 1, c4<z>; HiZ drive
v00000296525f23a0_0 .net "mem_write", 0 0, o00000296526171f8;  0 drivers
v00000296525f2580 .array "memory", 15 0, 31 0;
v00000296525f2440_0 .net "read_data", 31 0, L_000002965260d840;  1 drivers
o0000029652617258 .functor BUFZ 32, c4<zzzzzzzzzzzzzzzzzzzzzzzzzzzzzzzz>; HiZ drive
v00000296525f2760_0 .net "write_data", 31 0, o0000029652617258;  0 drivers
E_00000296525f6bf0 .event posedge, v00000296525f1a40_0;
L_00000296526698a0 .array/port v00000296525f2580, L_0000029652669260;
L_0000029652668cc0 .part o0000029652617198, 2, 4;
L_0000029652669260 .concat [ 4 2 0 0], L_0000029652668cc0, L_00000296526b0088;
S_0000029652609dc0 .scope module, "testbench" "testbench" 3 1;
 .timescale 0 0;
v0000029652668c20_0 .var "clk", 0 0;
S_0000029652609f50 .scope module, "uut" "TopModule" 3 5, 4 1 0, S_0000029652609dc0;
 .timescale 0 0;
    .port_info 0 /INPUT 1 "clk";
v0000029652668720_0 .net "alu_ctrl", 2 0, v00000296525f1d60_0;  1 drivers
v0000029652669080_0 .net "alu_result", 31 0, v00000296526694e0_0;  1 drivers
v00000296526691c0_0 .net "clk", 0 0, v0000029652668c20_0;  1 drivers
v00000296526687c0_0 .net "instruction", 31 0, L_000002965260d610;  1 drivers
v0000029652668900_0 .net "opcode", 2 0, L_0000029652669300;  1 drivers
v00000296526699e0_0 .net "pc", 31 0, v0000029652668ea0_0;  1 drivers
v00000296526689a0_0 .net "rd", 4 0, L_0000029652669a80;  1 drivers
v0000029652669b20_0 .net "read_data1", 31 0, L_000002965260da00;  1 drivers
v0000029652668a40_0 .net "read_data2", 31 0, L_000002965260da70;  1 drivers
v0000029652669da0_0 .net "reg_write", 0 0, v00000296525f26c0_0;  1 drivers
v0000029652668b80_0 .net "rs1", 4 0, L_0000029652669e40;  1 drivers
v0000029652668d60_0 .net "rs2", 4 0, L_00000296526693a0;  1 drivers
L_0000029652669300 .part L_000002965260d610, 29, 3;
L_0000029652669e40 .part L_000002965260d610, 24, 5;
L_00000296526693a0 .part L_000002965260d610, 19, 5;
L_0000029652669a80 .part L_000002965260d610, 14, 5;
S_0000029652605610 .scope module, "CU" "ControlUnit" 4 29, 5 1 0, S_0000029652609f50;
 .timescale 0 0;
    .port_info 0 /INPUT 3 "opcode";
    .port_info 1 /OUTPUT 1 "reg_write";
    .port_info 2 /OUTPUT 3 "alu_ctrl";
v00000296525f1d60_0 .var "alu_ctrl", 2 0;
v00000296525f1ae0_0 .net "opcode", 2 0, L_0000029652669300;  alias, 1 drivers
v00000296525f26c0_0 .var "reg_write", 0 0;
E_00000296525f6c70 .event anyedge, v00000296525f1ae0_0;
S_00000296526057a0 .scope module, "IM" "InstructionMemory" 4 20, 6 1 0, S_0000029652609f50;
 .timescale 0 0;
    .port_info 0 /INPUT 32 "addr";
    .port_info 1 /OUTPUT 32 "instruction";
L_000002965260d610 .functor BUFZ 32, L_0000029652669d00, C4<00000000000000000000000000000000>, C4<00000000000000000000000000000000>, C4<00000000000000000000000000000000>;
v00000296525f2800_0 .net *"_ivl_0", 31 0, L_0000029652669d00;  1 drivers
v00000296525f2620_0 .net *"_ivl_3", 3 0, L_0000029652669c60;  1 drivers
v0000029652669ee0_0 .net *"_ivl_4", 5 0, L_000002965266b6a0;  1 drivers
L_00000296526b00d0 .functor BUFT 1, C4<00>, C4<0>, C4<0>, C4<0>;
v0000029652669f80_0 .net *"_ivl_7", 1 0, L_00000296526b00d0;  1 drivers
v0000029652669120_0 .net "addr", 31 0, v0000029652668ea0_0;  alias, 1 drivers
v0000029652668680_0 .var/i "i", 31 0;
v0000029652669580_0 .net "instruction", 31 0, L_000002965260d610;  alias, 1 drivers
v0000029652668f40 .array "memory", 15 0, 31 0;
L_0000029652669d00 .array/port v0000029652668f40, L_000002965266b6a0;
L_0000029652669c60 .part v0000029652668ea0_0, 2, 4;
L_000002965266b6a0 .concat [ 4 2 0 0], L_0000029652669c60, L_00000296526b00d0;
S_0000029652605930 .scope module, "PC" "ProgramCounter" 4 19, 7 1 0, S_0000029652609f50;
 .timescale 0 0;
    .port_info 0 /INPUT 1 "clk";
    .port_info 1 /OUTPUT 32 "pc";
v00000296526696c0_0 .net "clk", 0 0, v0000029652668c20_0;  alias, 1 drivers
v0000029652668ea0_0 .var "pc", 31 0;
E_00000296525f6df0 .event posedge, v00000296526696c0_0;
S_0000029652603db0 .scope module, "RF" "RegisterFile" 4 22, 8 1 0, S_0000029652609f50;
 .timescale 0 0;
    .port_info 0 /INPUT 1 "clk";
    .port_info 1 /INPUT 5 "rs1";
    .port_info 2 /INPUT 5 "rs2";
    .port_info 3 /INPUT 5 "rd";
    .port_info 4 /INPUT 32 "write_data";
    .port_info 5 /INPUT 1 "reg_write";
    .port_info 6 /OUTPUT 32 "read_data1";
    .port_info 7 /OUTPUT 32 "read_data2";
L_000002965260da00 .functor BUFZ 32, L_000002965266b600, C4<00000000000000000000000000000000>, C4<00000000000000000000000000000000>, C4<00000000000000000000000000000000>;
L_000002965260da70 .functor BUFZ 32, L_000002965266cdc0, C4<00000000000000000000000000000000>, C4<00000000000000000000000000000000>, C4<00000000000000000000000000000000>;
v0000029652669440_0 .net *"_ivl_0", 31 0, L_000002965266b600;  1 drivers
v00000296526684a0_0 .net *"_ivl_10", 6 0, L_000002965266bf60;  1 drivers
L_00000296526b0160 .functor BUFT 1, C4<00>, C4<0>, C4<0>, C4<0>;
v000002965266a020_0 .net *"_ivl_13", 1 0, L_00000296526b0160;  1 drivers
v0000029652668860_0 .net *"_ivl_2", 6 0, L_000002965266bec0;  1 drivers
L_00000296526b0118 .functor BUFT 1, C4<00>, C4<0>, C4<0>, C4<0>;
v0000029652669760_0 .net *"_ivl_5", 1 0, L_00000296526b0118;  1 drivers
v0000029652668e00_0 .net *"_ivl_8", 31 0, L_000002965266cdc0;  1 drivers
v0000029652668fe0_0 .net "clk", 0 0, v0000029652668c20_0;  alias, 1 drivers
v0000029652669620_0 .var/i "i", 31 0;
v000002965266a0c0_0 .net "rd", 4 0, L_0000029652669a80;  alias, 1 drivers
v0000029652668400_0 .net "read_data1", 31 0, L_000002965260da00;  alias, 1 drivers
v0000029652668540_0 .net "read_data2", 31 0, L_000002965260da70;  alias, 1 drivers
v0000029652668220_0 .net "reg_write", 0 0, v00000296525f26c0_0;  alias, 1 drivers
v00000296526682c0 .array "registers", 31 0, 31 0;
v0000029652669800_0 .net "rs1", 4 0, L_0000029652669e40;  alias, 1 drivers
v0000029652669bc0_0 .net "rs2", 4 0, L_00000296526693a0;  alias, 1 drivers
v0000029652669940_0 .net "write_data", 31 0, v00000296526694e0_0;  alias, 1 drivers
L_000002965266b600 .array/port v00000296526682c0, L_000002965266bec0;
L_000002965266bec0 .concat [ 5 2 0 0], L_0000029652669e40, L_00000296526b0118;
L_000002965266cdc0 .array/port v00000296526682c0, L_000002965266bf60;
L_000002965266bf60 .concat [ 5 2 0 0], L_00000296526693a0, L_00000296526b0160;
S_0000029652603f40 .scope module, "alu" "ALU" 4 31, 9 1 0, S_0000029652609f50;
 .timescale 0 0;
    .port_info 0 /INPUT 32 "A";
    .port_info 1 /INPUT 32 "B";
    .port_info 2 /INPUT 3 "alu_ctrl";
    .port_info 3 /OUTPUT 32 "result";
v0000029652668360_0 .net "A", 31 0, L_000002965260da00;  alias, 1 drivers
v00000296526685e0_0 .net "B", 31 0, L_000002965260da70;  alias, 1 drivers
v0000029652668ae0_0 .net "alu_ctrl", 2 0, v00000296525f1d60_0;  alias, 1 drivers
v00000296526694e0_0 .var "result", 31 0;
E_00000296525f6e70 .event anyedge, v00000296525f1d60_0, v0000029652668400_0, v0000029652668540_0;
    .scope S_0000029652609c30;
T_0 ;
    %wait E_00000296525f6bf0;
    %load/vec4 v00000296525f23a0_0;
    %flag_set/vec4 8;
    %jmp/0xz  T_0.0, 8;
    %load/vec4 v00000296525f2760_0;
    %load/vec4 v00000296525f2300_0;
    %parti/s 4, 2, 3;
    %pad/u 6;
    %ix/vec4 3;
    %ix/load 4, 0, 0; Constant delay
    %assign/vec4/a/d v00000296525f2580, 0, 4;
T_0.0 ;
    %jmp T_0;
    .thread T_0;
    .scope S_0000029652605930;
T_1 ;
    %pushi/vec4 0, 0, 32;
    %store/vec4 v0000029652668ea0_0, 0, 32;
    %end;
    .thread T_1;
    .scope S_0000029652605930;
T_2 ;
    %wait E_00000296525f6df0;
    %load/vec4 v0000029652668ea0_0;
    %cmpi/u 16, 0, 32;
    %jmp/0xz  T_2.0, 5;
    %load/vec4 v0000029652668ea0_0;
    %addi 4, 0, 32;
    %assign/vec4 v0000029652668ea0_0, 0;
T_2.0 ;
    %jmp T_2;
    .thread T_2;
    .scope S_00000296526057a0;
T_3 ;
    %pushi/vec4 17874944, 0, 32;
    %ix/load 4, 0, 0;
    %flag_set/imm 4, 0;
    %store/vec4a v0000029652668f40, 4, 0;
    %pushi/vec4 554762240, 0, 32;
    %ix/load 4, 1, 0;
    %flag_set/imm 4, 0;
    %store/vec4a v0000029652668f40, 4, 0;
    %pushi/vec4 1091649536, 0, 32;
    %ix/load 4, 2, 0;
    %flag_set/imm 4, 0;
    %store/vec4a v0000029652668f40, 4, 0;
    %pushi/vec4 1628536832, 0, 32;
    %ix/load 4, 3, 0;
    %flag_set/imm 4, 0;
    %store/vec4a v0000029652668f40, 4, 0;
    %pushi/vec4 4, 0, 32;
    %store/vec4 v0000029652668680_0, 0, 32;
T_3.0 ; Top of for-loop
    %load/vec4 v0000029652668680_0;
    %cmpi/s 16, 0, 32;
	  %jmp/0xz T_3.1, 5;
    %pushi/vec4 0, 0, 32;
    %ix/getv/s 4, v0000029652668680_0;
    %store/vec4a v0000029652668f40, 4, 0;
T_3.2 ; for-loop step statement
    %load/vec4 v0000029652668680_0;
    %addi 1, 0, 32;
    %store/vec4 v0000029652668680_0, 0, 32;
    %jmp T_3.0;
T_3.1 ; for-loop exit label
    %end;
    .thread T_3;
    .scope S_0000029652603db0;
T_4 ;
    %pushi/vec4 0, 0, 32;
    %store/vec4 v0000029652669620_0, 0, 32;
T_4.0 ; Top of for-loop
    %load/vec4 v0000029652669620_0;
    %cmpi/s 32, 0, 32;
	  %jmp/0xz T_4.1, 5;
    %pushi/vec4 0, 0, 32;
    %ix/getv/s 4, v0000029652669620_0;
    %store/vec4a v00000296526682c0, 4, 0;
T_4.2 ; for-loop step statement
    %load/vec4 v0000029652669620_0;
    %addi 1, 0, 32;
    %store/vec4 v0000029652669620_0, 0, 32;
    %jmp T_4.0;
T_4.1 ; for-loop exit label
    %pushi/vec4 10, 0, 32;
    %ix/load 4, 1, 0;
    %flag_set/imm 4, 0;
    %store/vec4a v00000296526682c0, 4, 0;
    %pushi/vec4 5, 0, 32;
    %ix/load 4, 2, 0;
    %flag_set/imm 4, 0;
    %store/vec4a v00000296526682c0, 4, 0;
    %end;
    .thread T_4;
    .scope S_0000029652603db0;
T_5 ;
    %wait E_00000296525f6df0;
    %load/vec4 v0000029652668220_0;
    %flag_set/vec4 8;
    %jmp/0xz  T_5.0, 8;
    %load/vec4 v0000029652669940_0;
    %load/vec4 v000002965266a0c0_0;
    %pad/u 7;
    %ix/vec4 3;
    %ix/load 4, 0, 0; Constant delay
    %assign/vec4/a/d v00000296526682c0, 0, 4;
T_5.0 ;
    %jmp T_5;
    .thread T_5;
    .scope S_0000029652605610;
T_6 ;
    %wait E_00000296525f6c70;
    %load/vec4 v00000296525f1ae0_0;
    %dup/vec4;
    %pushi/vec4 0, 0, 3;
    %cmp/u;
    %jmp/1 T_6.0, 6;
    %dup/vec4;
    %pushi/vec4 1, 0, 3;
    %cmp/u;
    %jmp/1 T_6.1, 6;
    %dup/vec4;
    %pushi/vec4 2, 0, 3;
    %cmp/u;
    %jmp/1 T_6.2, 6;
    %dup/vec4;
    %pushi/vec4 3, 0, 3;
    %cmp/u;
    %jmp/1 T_6.3, 6;
    %pushi/vec4 0, 0, 1;
    %store/vec4 v00000296525f26c0_0, 0, 1;
    %pushi/vec4 0, 0, 3;
    %store/vec4 v00000296525f1d60_0, 0, 3;
    %jmp T_6.5;
T_6.0 ;
    %pushi/vec4 1, 0, 1;
    %store/vec4 v00000296525f26c0_0, 0, 1;
    %pushi/vec4 0, 0, 3;
    %store/vec4 v00000296525f1d60_0, 0, 3;
    %jmp T_6.5;
T_6.1 ;
    %pushi/vec4 1, 0, 1;
    %store/vec4 v00000296525f26c0_0, 0, 1;
    %pushi/vec4 1, 0, 3;
    %store/vec4 v00000296525f1d60_0, 0, 3;
    %jmp T_6.5;
T_6.2 ;
    %pushi/vec4 1, 0, 1;
    %store/vec4 v00000296525f26c0_0, 0, 1;
    %pushi/vec4 2, 0, 3;
    %store/vec4 v00000296525f1d60_0, 0, 3;
    %jmp T_6.5;
T_6.3 ;
    %pushi/vec4 1, 0, 1;
    %store/vec4 v00000296525f26c0_0, 0, 1;
    %pushi/vec4 3, 0, 3;
    %store/vec4 v00000296525f1d60_0, 0, 3;
    %jmp T_6.5;
T_6.5 ;
    %pop/vec4 1;
    %jmp T_6;
    .thread T_6, $push;
    .scope S_0000029652603f40;
T_7 ;
    %wait E_00000296525f6e70;
    %load/vec4 v0000029652668ae0_0;
    %dup/vec4;
    %pushi/vec4 0, 0, 3;
    %cmp/u;
    %jmp/1 T_7.0, 6;
    %dup/vec4;
    %pushi/vec4 1, 0, 3;
    %cmp/u;
    %jmp/1 T_7.1, 6;
    %dup/vec4;
    %pushi/vec4 2, 0, 3;
    %cmp/u;
    %jmp/1 T_7.2, 6;
    %dup/vec4;
    %pushi/vec4 3, 0, 3;
    %cmp/u;
    %jmp/1 T_7.3, 6;
    %pushi/vec4 0, 0, 32;
    %store/vec4 v00000296526694e0_0, 0, 32;
    %jmp T_7.5;
T_7.0 ;
    %load/vec4 v0000029652668360_0;
    %load/vec4 v00000296526685e0_0;
    %add;
    %store/vec4 v00000296526694e0_0, 0, 32;
    %jmp T_7.5;
T_7.1 ;
    %load/vec4 v0000029652668360_0;
    %load/vec4 v00000296526685e0_0;
    %sub;
    %store/vec4 v00000296526694e0_0, 0, 32;
    %jmp T_7.5;
T_7.2 ;
    %load/vec4 v0000029652668360_0;
    %load/vec4 v00000296526685e0_0;
    %and;
    %store/vec4 v00000296526694e0_0, 0, 32;
    %jmp T_7.5;
T_7.3 ;
    %load/vec4 v0000029652668360_0;
    %load/vec4 v00000296526685e0_0;
    %or;
    %store/vec4 v00000296526694e0_0, 0, 32;
    %jmp T_7.5;
T_7.5 ;
    %pop/vec4 1;
    %jmp T_7;
    .thread T_7, $push;
    .scope S_0000029652609dc0;
T_8 ;
    %pushi/vec4 0, 0, 1;
    %store/vec4 v0000029652668c20_0, 0, 1;
    %end;
    .thread T_8;
    .scope S_0000029652609dc0;
T_9 ;
    %vpi_call 3 8 "$dumpfile", "dump.vcd" {0 0 0};
    %vpi_call 3 9 "$dumpvars", 32'sb00000000000000000000000000000000, S_0000029652609dc0 {0 0 0};
    %vpi_call 3 11 "$monitor", "Time=%0t PC=%h Instr=%h rs1=%d rs2=%d rd=%d A=%d B=%d Result=%d", $time, v0000029652668ea0_0, v0000029652669580_0, v0000029652668b80_0, v0000029652668d60_0, v00000296526689a0_0, v0000029652668360_0, v00000296526685e0_0, v00000296526694e0_0 {0 0 0};
    %end;
    .thread T_9;
    .scope S_0000029652609dc0;
T_10 ;
    %delay 5, 0;
    %load/vec4 v0000029652668c20_0;
    %inv;
    %store/vec4 v0000029652668c20_0, 0, 1;
    %jmp T_10;
    .thread T_10;
    .scope S_0000029652609dc0;
T_11 ;
    %delay 200, 0;
    %vpi_call 3 26 "$finish" {0 0 0};
    %end;
    .thread T_11;
# The file index is used to find the file name in the following table.
:file_names 10;
    "N/A";
    "<interactive>";
    "data_memory.v";
    "testbench.v";
    "top_module.v";
    "control_unit.v";
    "instruction_memory.v";
    "program_counter.v";
    "register_file.v";
    "alu.v";
